Base path: F:/Program Files/Unity/Editor/Data
Pipe name: \\.\pipe\UnityShaderCompiler-7-24936
Cmd: getPlatforms
Cmd: compileSnippet
  api=1 type=0 insize=11913 outsize=690 kw=DIRECTIONAL SHADOWS_OFF LIGHTMAP_ON DIRLIGHTMAP_OFF MARMO_LINEAR ok=1
Cmd: compileSnippet
  api=4 type=0 insize=11913 outsize=3582 kw=DIRECTIONAL SHADOWS_SCREEN LIGHTMAP_ON DIRLIGHTMAP_OFF MARMO_LINEAR ok=1
Cmd: compileSnippet
  api=1 type=0 insize=11913 outsize=1748 kw=DIRECTIONAL SHADOWS_SCREEN LIGHTMAP_OFF DIRLIGHTMAP_OFF VERTEXLIGHT_ON MARMO_LINEAR ok=1
Cmd: compileSnippet
  api=1 type=0 insize=11913 outsize=1078 kw=DIRECTIONAL SHADOWS_OFF LIGHTMAP_OFF DIRLIGHTMAP_OFF MARMO_GAMMA ok=1
Cmd: compileSnippet
  api=4 type=0 insize=11913 outsize=3224 kw=DIRECTIONAL SHADOWS_OFF LIGHTMAP_ON DIRLIGHTMAP_OFF MARMO_GAMMA ok=1
Cmd: compileSnippet
  api=4 type=0 insize=11913 outsize=3232 kw=DIRECTIONAL SHADOWS_OFF LIGHTMAP_ON DIRLIGHTMAP_ON MARMO_GAMMA ok=1
Cmd: compileSnippet
  api=0 type=0 insize=11913 outsize=6212 kw=DIRECTIONAL SHADOWS_SCREEN LIGHTMAP_ON DIRLIGHTMAP_ON MARMO_GAMMA ok=1
Cmd: compileSnippet
  api=1 type=1 insize=11913 outsize=2444 kw=DIRECTIONAL SHADOWS_OFF LIGHTMAP_ON DIRLIGHTMAP_ON MARMO_LINEAR ok=1
Cmd: compileSnippet
  api=4 type=1 insize=11913 outsize=5515 kw=DIRECTIONAL SHADOWS_SCREEN LIGHTMAP_ON DIRLIGHTMAP_OFF MARMO_LINEAR ok=1
Cmd: compileSnippet
  api=0 type=1 insize=11913 outsize=6 kw=DIRECTIONAL SHADOWS_SCREEN LIGHTMAP_ON DIRLIGHTMAP_OFF MARMO_GAMMA ok=1
Cmd: compileSnippet
  api=0 type=1 insize=11913 outsize=6 kw=DIRECTIONAL SHADOWS_SCREEN LIGHTMAP_ON DIRLIGHTMAP_ON MARMO_GAMMA ok=1
Cmd: compileSnippet
  api=0 type=0 insize=6591 outsize=3181 kw=DIRECTIONAL SHADOWS_OFF MARMO_LINEAR ok=1
Cmd: compileSnippet
  api=4 type=0 insize=6591 outsize=3768 kw=SPOT SHADOWS_DEPTH MARMO_LINEAR ok=1
Cmd: compileSnippet
  api=0 type=0 insize=6591 outsize=3639 kw=DIRECTIONAL SHADOWS_SCREEN MARMO_LINEAR ok=1
Cmd: compileSnippet
  api=1 type=0 insize=6591 outsize=666 kw=SPOT SHADOWS_DEPTH SHADOWS_SOFT MARMO_LINEAR ok=1
Cmd: compileSnippet
  api=1 type=0 insize=6591 outsize=595 kw=POINT SHADOWS_CUBE SHADOWS_SOFT MARMO_LINEAR ok=1
Cmd: compileSnippet
  api=4 type=0 insize=6591 outsize=3500 kw=POINT_COOKIE SHADOWS_CUBE SHADOWS_SOFT MARMO_LINEAR ok=1
Cmd: compileSnippet
  api=4 type=0 insize=6591 outsize=3354 kw=POINT SHADOWS_OFF MARMO_GAMMA ok=1
Cmd: compileSnippet
  api=4 type=0 insize=6591 outsize=3354 kw=SPOT SHADOWS_OFF MARMO_GAMMA ok=1
Cmd: compileSnippet
  api=4 type=0 insize=6591 outsize=3354 kw=POINT_COOKIE SHADOWS_OFF MARMO_GAMMA ok=1
Cmd: compileSnippet
  api=0 type=0 insize=6591 outsize=4463 kw=SPOT SHADOWS_DEPTH MARMO_GAMMA ok=1
Cmd: compileSnippet
  api=4 type=0 insize=6591 outsize=3500 kw=POINT SHADOWS_CUBE MARMO_GAMMA ok=1
Cmd: compileSnippet
  api=0 type=0 insize=6591 outsize=5437 kw=SPOT SHADOWS_DEPTH SHADOWS_SOFT MARMO_GAMMA ok=1
Cmd: compileSnippet
  api=4 type=1 insize=6591 outsize=4150 kw=DIRECTIONAL SHADOWS_OFF MARMO_LINEAR ok=1
Cmd: compileSnippet
  api=0 type=1 insize=6591 outsize=6 kw=SPOT SHADOWS_DEPTH SHADOWS_NATIVE MARMO_LINEAR ok=1
Cmd: compileSnippet
  api=0 type=1 insize=6591 outsize=6 kw=DIRECTIONAL SHADOWS_SCREEN MARMO_LINEAR ok=1
Cmd: compileSnippet
  api=0 type=1 insize=6591 outsize=6 kw=DIRECTIONAL_COOKIE SHADOWS_SCREEN MARMO_LINEAR ok=1
Cmd: compileSnippet
  api=4 type=1 insize=6591 outsize=4727 kw=DIRECTIONAL_COOKIE SHADOWS_SCREEN MARMO_LINEAR ok=1
Cmd: compileSnippet
  api=4 type=1 insize=6591 outsize=6092 kw=SPOT SHADOWS_DEPTH SHADOWS_SOFT SHADOWS_NATIVE MARMO_LINEAR ok=1
Cmd: compileSnippet
  api=0 type=1 insize=6591 outsize=6 kw=DIRECTIONAL_COOKIE SHADOWS_OFF MARMO_GAMMA ok=1
Cmd: compileSnippet
  api=1 type=1 insize=6591 outsize=1680 kw=DIRECTIONAL_COOKIE SHADOWS_OFF MARMO_GAMMA ok=1
Cmd: compileSnippet
  api=1 type=1 insize=6591 outsize=1678 kw=DIRECTIONAL SHADOWS_SCREEN MARMO_GAMMA ok=1
Cmd: compileSnippet
  api=4 type=1 insize=6591 outsize=5272 kw=POINT SHADOWS_CUBE MARMO_GAMMA ok=1
Cmd: compileSnippet
  api=0 type=1 insize=5231 outsize=6 kw=MARMO_GAMMA ok=1
Cmd: compileSnippet
  api=0 type=0 insize=10523 outsize=6614 kw=LIGHTMAP_ON DIRLIGHTMAP_ON MARMO_LINEAR HDR_LIGHT_PREPASS_OFF ok=1
Cmd: compileSnippet
  api=1 type=0 insize=10523 outsize=1133 kw=LIGHTMAP_ON DIRLIGHTMAP_OFF MARMO_GAMMA HDR_LIGHT_PREPASS_OFF ok=1
Cmd: compileSnippet
  api=0 type=0 insize=10523 outsize=6110 kw=LIGHTMAP_OFF DIRLIGHTMAP_OFF HDR_LIGHT_PREPASS_ON MARMO_GAMMA ok=1
Cmd: compileSnippet
  api=0 type=1 insize=10523 outsize=6 kw=LIGHTMAP_ON DIRLIGHTMAP_OFF MARMO_LINEAR HDR_LIGHT_PREPASS_OFF ok=1
Cmd: compileSnippet
  api=0 type=1 insize=10523 outsize=6 kw=LIGHTMAP_OFF DIRLIGHTMAP_OFF HDR_LIGHT_PREPASS_ON MARMO_LINEAR ok=1
Cmd: compileSnippet
  api=0 type=1 insize=10523 outsize=6 kw=LIGHTMAP_ON DIRLIGHTMAP_ON HDR_LIGHT_PREPASS_ON MARMO_LINEAR ok=1
Cmd: compileSnippet
  api=0 type=1 insize=10523 outsize=6 kw=LIGHTMAP_OFF DIRLIGHTMAP_OFF MARMO_GAMMA HDR_LIGHT_PREPASS_OFF ok=1
Cmd: compileSnippet
  api=1 type=1 insize=10523 outsize=2046 kw=LIGHTMAP_ON DIRLIGHTMAP_OFF MARMO_GAMMA HDR_LIGHT_PREPASS_OFF ok=1
Cmd: compileSnippet
  api=0 type=1 insize=10523 outsize=6 kw=LIGHTMAP_ON DIRLIGHTMAP_OFF HDR_LIGHT_PREPASS_ON MARMO_GAMMA ok=1
Unhandled exception: Readfile from pipe failed. GLE=The pipe has been ended.


Quitting shader compiler process
