Base path: F:/Program Files/Unity/Editor/Data
Pipe name: \\.\pipe\UnityShaderCompiler-2-25304
Cmd: getPlatforms
Cmd: compileSnippet
  api=0 type=0 insize=11913 outsize=6112 kw=DIRECTIONAL SHADOWS_OFF LIGHTMAP_OFF DIRLIGHTMAP_OFF MARMO_LINEAR ok=1
Cmd: compileSnippet
  api=1 type=0 insize=11913 outsize=1607 kw=DIRECTIONAL SHADOWS_OFF LIGHTMAP_OFF DIRLIGHTMAP_OFF VERTEXLIGHT_ON MARMO_LINEAR ok=1
Cmd: compileSnippet
  api=0 type=0 insize=11913 outsize=4414 kw=DIRECTIONAL SHADOWS_OFF LIGHTMAP_ON DIRLIGHTMAP_OFF MARMO_GAMMA ok=1
Cmd: compileSnippet
  api=4 type=0 insize=11913 outsize=3590 kw=DIRECTIONAL SHADOWS_SCREEN LIGHTMAP_ON DIRLIGHTMAP_ON MARMO_GAMMA ok=1
Cmd: compileSnippet
  api=4 type=0 insize=11913 outsize=5727 kw=DIRECTIONAL SHADOWS_OFF LIGHTMAP_OFF DIRLIGHTMAP_OFF VERTEXLIGHT_ON MARMO_GAMMA ok=1
Cmd: compileSnippet
  api=4 type=1 insize=11913 outsize=6417 kw=DIRECTIONAL SHADOWS_OFF LIGHTMAP_ON DIRLIGHTMAP_ON MARMO_LINEAR ok=1
Cmd: compileSnippet
  api=1 type=1 insize=11913 outsize=1480 kw=DIRECTIONAL SHADOWS_OFF LIGHTMAP_ON DIRLIGHTMAP_OFF MARMO_GAMMA ok=1
Cmd: compileSnippet
  api=4 type=1 insize=11913 outsize=5166 kw=DIRECTIONAL SHADOWS_SCREEN LIGHTMAP_ON DIRLIGHTMAP_OFF MARMO_GAMMA ok=1
Cmd: compileSnippet
  api=1 type=0 insize=6591 outsize=464 kw=DIRECTIONAL SHADOWS_OFF MARMO_LINEAR ok=1
Cmd: compileSnippet
  api=1 type=0 insize=6591 outsize=557 kw=POINT_COOKIE SHADOWS_OFF MARMO_LINEAR ok=1
Cmd: compileSnippet
  api=1 type=0 insize=6591 outsize=534 kw=DIRECTIONAL_COOKIE SHADOWS_OFF MARMO_LINEAR ok=1
Cmd: compileSnippet
  api=0 type=0 insize=6591 outsize=3991 kw=SPOT SHADOWS_DEPTH SHADOWS_NATIVE MARMO_LINEAR ok=1
Cmd: compileSnippet
  api=4 type=0 insize=6591 outsize=3768 kw=SPOT SHADOWS_DEPTH SHADOWS_SOFT MARMO_LINEAR ok=1
Cmd: compileSnippet
  api=0 type=0 insize=6591 outsize=5536 kw=POINT SHADOWS_CUBE SHADOWS_SOFT MARMO_LINEAR ok=1
Cmd: compileSnippet
  api=0 type=0 insize=6591 outsize=3421 kw=DIRECTIONAL_COOKIE SHADOWS_OFF MARMO_GAMMA ok=1
Cmd: compileSnippet
  api=1 type=0 insize=6591 outsize=682 kw=DIRECTIONAL_COOKIE SHADOWS_SCREEN MARMO_GAMMA ok=1
Cmd: compileSnippet
  api=0 type=0 insize=6591 outsize=4573 kw=POINT_COOKIE SHADOWS_CUBE MARMO_GAMMA ok=1
Cmd: compileSnippet
  api=0 type=1 insize=6591 outsize=6 kw=POINT SHADOWS_OFF MARMO_LINEAR ok=1
Cmd: compileSnippet
  api=4 type=1 insize=6591 outsize=4654 kw=POINT_COOKIE SHADOWS_OFF MARMO_LINEAR ok=1
Cmd: compileSnippet
  api=4 type=1 insize=6591 outsize=4467 kw=DIRECTIONAL SHADOWS_SCREEN MARMO_LINEAR ok=1
Cmd: compileSnippet
  api=0 type=1 insize=6591 outsize=6 kw=SPOT SHADOWS_DEPTH SHADOWS_SOFT SHADOWS_NATIVE MARMO_LINEAR ok=1
Cmd: compileSnippet
  api=0 type=1 insize=6591 outsize=6 kw=POINT SHADOWS_CUBE SHADOWS_SOFT MARMO_LINEAR ok=1
Cmd: compileSnippet
  api=4 type=1 insize=6591 outsize=6125 kw=POINT SHADOWS_CUBE SHADOWS_SOFT MARMO_LINEAR ok=1
Cmd: compileSnippet
  api=4 type=1 insize=6591 outsize=4451 kw=DIRECTIONAL_COOKIE SHADOWS_OFF MARMO_GAMMA ok=1
Cmd: compileSnippet
  api=0 type=1 insize=6591 outsize=6 kw=POINT SHADOWS_CUBE MARMO_GAMMA ok=1
Cmd: compileSnippet
  api=1 type=1 insize=6591 outsize=2089 kw=POINT_COOKIE SHADOWS_CUBE MARMO_GAMMA ok=1
Cmd: compileSnippet
  api=4 type=1 insize=6591 outsize=6133 kw=SPOT SHADOWS_DEPTH SHADOWS_SOFT SHADOWS_NATIVE MARMO_GAMMA ok=1
Cmd: compileSnippet
  api=0 type=1 insize=5231 outsize=6 kw=MARMO_LINEAR ok=1
Cmd: compileSnippet
  api=4 type=0 insize=10523 outsize=4589 kw=LIGHTMAP_ON DIRLIGHTMAP_OFF MARMO_LINEAR HDR_LIGHT_PREPASS_OFF ok=1
Cmd: compileSnippet
  api=0 type=0 insize=10523 outsize=6816 kw=LIGHTMAP_ON DIRLIGHTMAP_OFF HDR_LIGHT_PREPASS_ON MARMO_LINEAR ok=1
Cmd: compileSnippet
  api=0 type=0 insize=10523 outsize=6268 kw=LIGHTMAP_ON DIRLIGHTMAP_ON MARMO_GAMMA HDR_LIGHT_PREPASS_OFF ok=1
Cmd: compileSnippet
  api=1 type=1 insize=10523 outsize=2556 kw=LIGHTMAP_ON DIRLIGHTMAP_ON MARMO_LINEAR HDR_LIGHT_PREPASS_OFF ok=1
Cmd: compileSnippet
  api=4 type=1 insize=10523 outsize=6320 kw=LIGHTMAP_ON DIRLIGHTMAP_OFF HDR_LIGHT_PREPASS_ON MARMO_LINEAR ok=1
Cmd: compileSnippet
  api=4 type=1 insize=10523 outsize=5970 kw=LIGHTMAP_ON DIRLIGHTMAP_OFF HDR_LIGHT_PREPASS_ON MARMO_GAMMA ok=1
Unhandled exception: Readfile from pipe failed. GLE=The pipe has been ended.


Quitting shader compiler process
