Base path: F:/Program Files/Unity/Editor/Data
Pipe name: \\.\pipe\UnityShaderCompiler-6-18064
Cmd: getPlatforms
Cmd: compileSnippet
  api=1 type=0 insize=11913 outsize=798 kw=DIRECTIONAL SHADOWS_OFF LIGHTMAP_ON DIRLIGHTMAP_ON MARMO_LINEAR ok=1
Cmd: compileSnippet
  api=0 type=0 insize=11913 outsize=6558 kw=DIRECTIONAL SHADOWS_SCREEN LIGHTMAP_ON DIRLIGHTMAP_ON MARMO_LINEAR ok=1
Cmd: compileSnippet
  api=1 type=0 insize=11913 outsize=818 kw=DIRECTIONAL SHADOWS_SCREEN LIGHTMAP_ON DIRLIGHTMAP_OFF MARMO_GAMMA ok=1
Cmd: compileSnippet
  api=0 type=0 insize=11913 outsize=6712 kw=DIRECTIONAL SHADOWS_OFF LIGHTMAP_OFF DIRLIGHTMAP_OFF VERTEXLIGHT_ON MARMO_GAMMA ok=1
Cmd: compileSnippet
  api=0 type=1 insize=11913 outsize=6 kw=DIRECTIONAL SHADOWS_OFF LIGHTMAP_ON DIRLIGHTMAP_ON MARMO_LINEAR ok=1
Cmd: compileSnippet
  api=0 type=1 insize=11913 outsize=6 kw=DIRECTIONAL SHADOWS_SCREEN LIGHTMAP_ON DIRLIGHTMAP_OFF MARMO_LINEAR ok=1
Cmd: compileSnippet
  api=0 type=1 insize=11913 outsize=6 kw=DIRECTIONAL SHADOWS_OFF LIGHTMAP_OFF DIRLIGHTMAP_OFF MARMO_GAMMA ok=1
Cmd: compileSnippet
  api=0 type=1 insize=11913 outsize=6 kw=DIRECTIONAL SHADOWS_OFF LIGHTMAP_ON DIRLIGHTMAP_ON MARMO_GAMMA ok=1
Cmd: compileSnippet
  api=4 type=1 insize=11913 outsize=6068 kw=DIRECTIONAL SHADOWS_OFF LIGHTMAP_ON DIRLIGHTMAP_ON MARMO_GAMMA ok=1
Cmd: compileSnippet
  api=4 type=0 insize=6591 outsize=3354 kw=SPOT SHADOWS_OFF MARMO_LINEAR ok=1
Cmd: compileSnippet
  api=4 type=0 insize=6591 outsize=3354 kw=POINT_COOKIE SHADOWS_OFF MARMO_LINEAR ok=1
Cmd: compileSnippet
  api=1 type=0 insize=6591 outsize=666 kw=SPOT SHADOWS_DEPTH MARMO_LINEAR ok=1
Cmd: compileSnippet
  api=4 type=0 insize=6591 outsize=2997 kw=DIRECTIONAL SHADOWS_SCREEN MARMO_LINEAR ok=1
Cmd: compileSnippet
  api=1 type=0 insize=6591 outsize=595 kw=POINT SHADOWS_CUBE MARMO_LINEAR ok=1
Cmd: compileSnippet
  api=1 type=0 insize=6591 outsize=595 kw=POINT_COOKIE SHADOWS_CUBE MARMO_LINEAR ok=1
Cmd: compileSnippet
  api=0 type=0 insize=6591 outsize=4529 kw=SPOT SHADOWS_DEPTH SHADOWS_SOFT SHADOWS_NATIVE MARMO_LINEAR ok=1
Cmd: compileSnippet
  api=1 type=0 insize=6591 outsize=464 kw=DIRECTIONAL SHADOWS_OFF MARMO_GAMMA ok=1
Cmd: compileSnippet
  api=0 type=0 insize=6591 outsize=3584 kw=POINT_COOKIE SHADOWS_OFF MARMO_GAMMA ok=1
Cmd: compileSnippet
  api=1 type=0 insize=6591 outsize=612 kw=DIRECTIONAL SHADOWS_SCREEN MARMO_GAMMA ok=1
Cmd: compileSnippet
  api=1 type=0 insize=6591 outsize=595 kw=POINT SHADOWS_CUBE MARMO_GAMMA ok=1
Cmd: compileSnippet
  api=4 type=0 insize=6591 outsize=3500 kw=POINT_COOKIE SHADOWS_CUBE MARMO_GAMMA ok=1
Cmd: compileSnippet
  api=0 type=0 insize=6591 outsize=4535 kw=SPOT SHADOWS_DEPTH SHADOWS_SOFT SHADOWS_NATIVE MARMO_GAMMA ok=1
Cmd: compileSnippet
  api=1 type=1 insize=6591 outsize=1865 kw=SPOT SHADOWS_OFF MARMO_LINEAR ok=1
Cmd: compileSnippet
  api=1 type=1 insize=6591 outsize=2026 kw=SPOT SHADOWS_DEPTH MARMO_LINEAR ok=1
Cmd: compileSnippet
  api=1 type=1 insize=6591 outsize=1710 kw=DIRECTIONAL_COOKIE SHADOWS_SCREEN MARMO_LINEAR ok=1
Cmd: compileSnippet
  api=0 type=1 insize=6591 outsize=6 kw=POINT_COOKIE SHADOWS_CUBE MARMO_LINEAR ok=1
Cmd: compileSnippet
  api=4 type=1 insize=6591 outsize=5418 kw=POINT_COOKIE SHADOWS_CUBE MARMO_LINEAR ok=1
Cmd: compileSnippet
  api=4 type=1 insize=6591 outsize=4508 kw=POINT SHADOWS_OFF MARMO_GAMMA ok=1
Cmd: compileSnippet
  api=0 type=1 insize=6591 outsize=6 kw=SPOT SHADOWS_DEPTH MARMO_GAMMA ok=1
Cmd: compileSnippet
  api=1 type=1 insize=6591 outsize=2041 kw=SPOT SHADOWS_DEPTH SHADOWS_NATIVE MARMO_GAMMA ok=1
Cmd: compileSnippet
  api=1 type=1 insize=6591 outsize=2054 kw=POINT SHADOWS_CUBE MARMO_GAMMA ok=1
Cmd: compileSnippet
  api=1 type=1 insize=6591 outsize=2301 kw=SPOT SHADOWS_DEPTH SHADOWS_SOFT SHADOWS_NATIVE MARMO_GAMMA ok=1
Cmd: compileSnippet
  api=1 type=1 insize=6591 outsize=2367 kw=POINT_COOKIE SHADOWS_CUBE SHADOWS_SOFT MARMO_GAMMA ok=1
Cmd: compileSnippet
  api=1 type=1 insize=5231 outsize=291 kw=MARMO_GAMMA ok=1
Cmd: compileSnippet
  api=1 type=0 insize=10523 outsize=939 kw=LIGHTMAP_ON DIRLIGHTMAP_ON MARMO_LINEAR HDR_LIGHT_PREPASS_OFF ok=1
Cmd: compileSnippet
  api=4 type=0 insize=10523 outsize=4378 kw=LIGHTMAP_OFF DIRLIGHTMAP_OFF HDR_LIGHT_PREPASS_ON MARMO_LINEAR ok=1
Cmd: compileSnippet
  api=1 type=0 insize=10523 outsize=939 kw=LIGHTMAP_ON DIRLIGHTMAP_ON HDR_LIGHT_PREPASS_ON MARMO_LINEAR ok=1
Cmd: compileSnippet
  api=1 type=0 insize=10523 outsize=1171 kw=LIGHTMAP_OFF DIRLIGHTMAP_OFF MARMO_GAMMA HDR_LIGHT_PREPASS_OFF ok=1
Cmd: compileSnippet
  api=4 type=0 insize=10523 outsize=3590 kw=LIGHTMAP_ON DIRLIGHTMAP_ON MARMO_GAMMA HDR_LIGHT_PREPASS_OFF ok=1
Cmd: compileSnippet
  api=1 type=0 insize=10523 outsize=1133 kw=LIGHTMAP_ON DIRLIGHTMAP_OFF HDR_LIGHT_PREPASS_ON MARMO_GAMMA ok=1
Cmd: compileSnippet
  api=1 type=0 insize=10523 outsize=939 kw=LIGHTMAP_ON DIRLIGHTMAP_ON HDR_LIGHT_PREPASS_ON MARMO_GAMMA ok=1
Cmd: compileSnippet
  api=1 type=1 insize=10523 outsize=1906 kw=LIGHTMAP_OFF DIRLIGHTMAP_OFF MARMO_LINEAR HDR_LIGHT_PREPASS_OFF ok=1
Cmd: compileSnippet
  api=1 type=1 insize=10523 outsize=2147 kw=LIGHTMAP_ON DIRLIGHTMAP_OFF HDR_LIGHT_PREPASS_ON MARMO_LINEAR ok=1
Cmd: compileSnippet
  api=0 type=1 insize=10523 outsize=6 kw=LIGHTMAP_ON DIRLIGHTMAP_OFF MARMO_GAMMA HDR_LIGHT_PREPASS_OFF ok=1
Cmd: compileSnippet
  api=4 type=1 insize=10523 outsize=6027 kw=LIGHTMAP_ON DIRLIGHTMAP_OFF MARMO_GAMMA HDR_LIGHT_PREPASS_OFF ok=1
Unhandled exception: Readfile from pipe failed. GLE=The pipe has been ended.


Quitting shader compiler process
