Base path: F:/Program Files/Unity/Editor/Data
Pipe name: \\.\pipe\UnityShaderCompiler-8-24580
Cmd: getPlatforms
Cmd: compileSnippet
  api=0 type=0 insize=11913 outsize=5982 kw=DIRECTIONAL SHADOWS_OFF LIGHTMAP_ON DIRLIGHTMAP_ON MARMO_LINEAR ok=1
Cmd: compileSnippet
  api=4 type=0 insize=11913 outsize=5727 kw=DIRECTIONAL SHADOWS_OFF LIGHTMAP_OFF DIRLIGHTMAP_OFF VERTEXLIGHT_ON MARMO_LINEAR ok=1
Cmd: compileSnippet
  api=1 type=0 insize=11913 outsize=690 kw=DIRECTIONAL SHADOWS_OFF LIGHTMAP_ON DIRLIGHTMAP_OFF MARMO_GAMMA ok=1
Cmd: compileSnippet
  api=0 type=0 insize=11913 outsize=6242 kw=DIRECTIONAL SHADOWS_SCREEN LIGHTMAP_OFF DIRLIGHTMAP_OFF MARMO_GAMMA ok=1
Cmd: compileSnippet
  api=4 type=0 insize=11913 outsize=6084 kw=DIRECTIONAL SHADOWS_SCREEN LIGHTMAP_OFF DIRLIGHTMAP_OFF VERTEXLIGHT_ON MARMO_GAMMA ok=1
Cmd: compileSnippet
  api=4 type=1 insize=11913 outsize=4971 kw=DIRECTIONAL SHADOWS_OFF LIGHTMAP_ON DIRLIGHTMAP_OFF MARMO_LINEAR ok=1
Cmd: compileSnippet
  api=1 type=1 insize=11913 outsize=2593 kw=DIRECTIONAL SHADOWS_SCREEN LIGHTMAP_ON DIRLIGHTMAP_ON MARMO_LINEAR ok=1
Cmd: compileSnippet
  api=1 type=1 insize=11913 outsize=2128 kw=DIRECTIONAL SHADOWS_SCREEN LIGHTMAP_OFF DIRLIGHTMAP_OFF MARMO_GAMMA ok=1
Cmd: compileSnippet
  api=0 type=0 insize=6591 outsize=3490 kw=POINT SHADOWS_OFF MARMO_LINEAR ok=1
Cmd: compileSnippet
  api=0 type=0 insize=6591 outsize=4457 kw=SPOT SHADOWS_DEPTH MARMO_LINEAR ok=1
Cmd: compileSnippet
  api=4 type=0 insize=6591 outsize=3500 kw=POINT_COOKIE SHADOWS_CUBE MARMO_LINEAR ok=1
Cmd: compileSnippet
  api=1 type=0 insize=6591 outsize=666 kw=SPOT SHADOWS_DEPTH SHADOWS_SOFT SHADOWS_NATIVE MARMO_LINEAR ok=1
Cmd: compileSnippet
  api=0 type=0 insize=6591 outsize=5667 kw=POINT_COOKIE SHADOWS_CUBE SHADOWS_SOFT MARMO_LINEAR ok=1
Cmd: compileSnippet
  api=1 type=0 insize=6591 outsize=666 kw=SPOT SHADOWS_DEPTH MARMO_GAMMA ok=1
Cmd: compileSnippet
  api=0 type=0 insize=6591 outsize=3645 kw=DIRECTIONAL SHADOWS_SCREEN MARMO_GAMMA ok=1
Cmd: compileSnippet
  api=1 type=0 insize=6591 outsize=666 kw=SPOT SHADOWS_DEPTH SHADOWS_SOFT SHADOWS_NATIVE MARMO_GAMMA ok=1
Cmd: compileSnippet
  api=4 type=0 insize=6591 outsize=3500 kw=POINT SHADOWS_CUBE SHADOWS_SOFT MARMO_GAMMA ok=1
Cmd: compileSnippet
  api=1 type=1 insize=6591 outsize=1715 kw=POINT SHADOWS_OFF MARMO_LINEAR ok=1
Cmd: compileSnippet
  api=4 type=1 insize=6591 outsize=4410 kw=DIRECTIONAL_COOKIE SHADOWS_OFF MARMO_LINEAR ok=1
Cmd: compileSnippet
  api=1 type=1 insize=6591 outsize=2022 kw=POINT SHADOWS_CUBE MARMO_LINEAR ok=1
Cmd: compileSnippet
  api=1 type=1 insize=6591 outsize=2262 kw=SPOT SHADOWS_DEPTH SHADOWS_SOFT MARMO_LINEAR ok=1
Cmd: compileSnippet
  api=0 type=1 insize=6591 outsize=6 kw=POINT_COOKIE SHADOWS_CUBE SHADOWS_SOFT MARMO_LINEAR ok=1
Cmd: compileSnippet
  api=1 type=1 insize=6591 outsize=2335 kw=POINT_COOKIE SHADOWS_CUBE SHADOWS_SOFT MARMO_LINEAR ok=1
Cmd: compileSnippet
  api=1 type=1 insize=6591 outsize=1901 kw=SPOT SHADOWS_OFF MARMO_GAMMA ok=1
Cmd: compileSnippet
  api=1 type=1 insize=6591 outsize=2062 kw=SPOT SHADOWS_DEPTH MARMO_GAMMA ok=1
Cmd: compileSnippet
  api=0 type=1 insize=6591 outsize=6 kw=DIRECTIONAL_COOKIE SHADOWS_SCREEN MARMO_GAMMA ok=1
Cmd: compileSnippet
  api=1 type=1 insize=6591 outsize=1746 kw=DIRECTIONAL_COOKIE SHADOWS_SCREEN MARMO_GAMMA ok=1
Cmd: compileSnippet
  api=4 type=1 insize=6591 outsize=6198 kw=SPOT SHADOWS_DEPTH SHADOWS_SOFT MARMO_GAMMA ok=1
Cmd: compileSnippet
  api=1 type=0 insize=5231 outsize=273 kw=MARMO_GAMMA ok=1
Cmd: compileSnippet
  api=1 type=0 insize=10523 outsize=1133 kw=LIGHTMAP_ON DIRLIGHTMAP_OFF MARMO_LINEAR HDR_LIGHT_PREPASS_OFF ok=1
Cmd: compileSnippet
  api=1 type=0 insize=10523 outsize=1133 kw=LIGHTMAP_ON DIRLIGHTMAP_OFF HDR_LIGHT_PREPASS_ON MARMO_LINEAR ok=1
Cmd: compileSnippet
  api=0 type=0 insize=10523 outsize=6605 kw=LIGHTMAP_ON DIRLIGHTMAP_ON HDR_LIGHT_PREPASS_ON MARMO_LINEAR ok=1
Cmd: compileSnippet
  api=0 type=0 insize=10523 outsize=6259 kw=LIGHTMAP_ON DIRLIGHTMAP_ON HDR_LIGHT_PREPASS_ON MARMO_GAMMA ok=1
Cmd: compileSnippet
  api=0 type=1 insize=10523 outsize=6 kw=LIGHTMAP_ON DIRLIGHTMAP_ON MARMO_LINEAR HDR_LIGHT_PREPASS_OFF ok=1
Cmd: compileSnippet
  api=4 type=1 insize=10523 outsize=5418 kw=LIGHTMAP_OFF DIRLIGHTMAP_OFF HDR_LIGHT_PREPASS_ON MARMO_LINEAR ok=1
Cmd: compileSnippet
  api=1 type=1 insize=10523 outsize=1653 kw=LIGHTMAP_OFF DIRLIGHTMAP_OFF HDR_LIGHT_PREPASS_ON MARMO_GAMMA ok=1
Cmd: compileSnippet
  api=4 type=1 insize=10523 outsize=6450 kw=LIGHTMAP_ON DIRLIGHTMAP_ON HDR_LIGHT_PREPASS_ON MARMO_GAMMA ok=1
Unhandled exception: Readfile from pipe failed. GLE=The pipe has been ended.


Quitting shader compiler process
